d:\github\lbm_swe\lbm_swe\x64\release\vc142.pdb
d:\github\lbm_swe\lbm_swe\x64\release\testswe2d.obj
d:\github\lbm_swe\lbm_swe\x64\release\mlcuruntime.obj
d:\github\lbm_swe\lbm_swe\x64\release\colorramp.obj
d:\github\lbm_swe\x64\release\lbm_swe1.exe
d:\github\lbm_swe\lbm_swe\x64\release\lbm_swe1.ipdb
d:\github\lbm_swe\lbm_swe\x64\release\lbm_swe1.iobj
d:\github\lbm_swe\x64\release\lbm_swe1.pdb
d:\github\lbm_swe\lbm_swe\x64\release\calforce_swe_2d.cu.cache
d:\github\lbm_swe\lbm_swe\x64\release\calmacro_swe_2d.cu.cache
d:\github\lbm_swe\lbm_swe\x64\release\collide_swe_2d.cu.cache
d:\github\lbm_swe\lbm_swe\x64\release\stream_swe_2d.cu.cache
d:\github\lbm_swe\lbm_swe\x64\release\calforce_swe_2d.cu.obj
d:\github\lbm_swe\lbm_swe\x64\release\calmacro_swe_2d.cu.obj
d:\github\lbm_swe\lbm_swe\x64\release\collide_swe_2d.cu.obj
d:\github\lbm_swe\lbm_swe\x64\release\stream_swe_2d.cu.obj
d:\github\lbm_swe\lbm_swe\x64\release\lbm_swe1.tlog\cl.command.1.tlog
d:\github\lbm_swe\lbm_swe\x64\release\lbm_swe1.tlog\cl.read.1.tlog
d:\github\lbm_swe\lbm_swe\x64\release\lbm_swe1.tlog\cl.write.1.tlog
d:\github\lbm_swe\lbm_swe\x64\release\lbm_swe1.tlog\cudacompile.read.1u.tlog
d:\github\lbm_swe\lbm_swe\x64\release\lbm_swe1.tlog\cudacompile.write.1u.tlog
d:\github\lbm_swe\lbm_swe\x64\release\lbm_swe1.tlog\link.command.1.tlog
d:\github\lbm_swe\lbm_swe\x64\release\lbm_swe1.tlog\link.read.1.tlog
d:\github\lbm_swe\lbm_swe\x64\release\lbm_swe1.tlog\link.write.1.tlog
